2020/09/13 12:35:31 - [line:27]-common.log -INFO - 创建测试套件
2020/09/13 12:35:31 - [line:27]-common.log -INFO - 创建测试套件
2020/09/13 12:35:31 - [line:31]-common.log -INFO - 生成测试报告
2020/09/13 12:35:31 - [line:31]-common.log -INFO - 生成测试报告
2020/09/13 12:35:31 - [line:31]-common.log -INFO - 生成测试报告
2020/09/13 12:35:31 - [line:31]-common.log -INFO - 生成测试报告
2020/09/13 12:35:31 - [line:31]-common.log -INFO - 生成测试报告
2020/09/13 12:35:31 - [line:44]-common.log -INFO - Dont need to send Email
2020/09/13 12:35:31 - [line:44]-common.log -INFO - Dont need to send Email
2020/09/13 12:35:31 - [line:44]-common.log -INFO - Dont need to send Email
2020/09/13 12:35:31 - [line:44]-common.log -INFO - Dont need to send Email
2020/09/13 12:35:31 - [line:44]-common.log -INFO - Dont need to send Email
2020/09/13 12:35:31 - [line:44]-common.log -INFO - Dont need to send Email
2020/09/13 12:35:31 - [line:44]-common.log -INFO - Dont need to send Email
2020/09/13 17:53:55 - [line:27]-common.log -INFO - 创建测试套件
2020/09/13 17:53:55 - [line:27]-common.log -INFO - 创建测试套件
2020/09/13 17:53:55 - [line:31]-common.log -INFO - 生成测试报告
2020/09/13 17:53:55 - [line:31]-common.log -INFO - 生成测试报告
2020/09/13 17:53:55 - [line:31]-common.log -INFO - 生成测试报告
2020/09/13 17:53:55 - [line:31]-common.log -INFO - 生成测试报告
2020/09/13 17:53:55 - [line:31]-common.log -INFO - 生成测试报告
2020/09/13 17:53:55 - [line:44]-common.log -INFO - Dont need to send Email
2020/09/13 17:53:55 - [line:44]-common.log -INFO - Dont need to send Email
2020/09/13 17:53:55 - [line:44]-common.log -INFO - Dont need to send Email
2020/09/13 17:53:55 - [line:44]-common.log -INFO - Dont need to send Email
2020/09/13 17:53:55 - [line:44]-common.log -INFO - Dont need to send Email
2020/09/13 17:55:14 - [line:27]-common.log -INFO - 创建测试套件
2020/09/13 17:55:14 - [line:27]-common.log -INFO - 创建测试套件
2020/09/13 17:55:14 - [line:31]-common.log -INFO - 生成测试报告
2020/09/13 17:55:14 - [line:31]-common.log -INFO - 生成测试报告
2020/09/13 17:55:14 - [line:31]-common.log -INFO - 生成测试报告
2020/09/13 17:55:14 - [line:31]-common.log -INFO - 生成测试报告
2020/09/13 17:55:14 - [line:31]-common.log -INFO - 生成测试报告
2020/09/13 17:55:21 - [line:78]-common.log -INFO - ----邮件发送成功----
2020/09/13 17:55:21 - [line:78]-common.log -INFO - ----邮件发送成功----
2020/09/13 17:55:21 - [line:78]-common.log -INFO - ----邮件发送成功----
2020/09/13 17:55:21 - [line:78]-common.log -INFO - ----邮件发送成功----
2020/09/13 17:55:21 - [line:78]-common.log -INFO - ----邮件发送成功----
2020/09/13 17:55:21 - [line:79]-common.log -INFO - 发件人1404482005@qq.com,收件人['1404482005@qq.com', '1401482005@qq.com']
2020/09/13 17:55:21 - [line:79]-common.log -INFO - 发件人1404482005@qq.com,收件人['1404482005@qq.com', '1401482005@qq.com']
2020/09/13 17:55:21 - [line:79]-common.log -INFO - 发件人1404482005@qq.com,收件人['1404482005@qq.com', '1401482005@qq.com']
2020/09/13 17:55:21 - [line:79]-common.log -INFO - 发件人1404482005@qq.com,收件人['1404482005@qq.com', '1401482005@qq.com']
2020/09/13 17:55:21 - [line:79]-common.log -INFO - 发件人1404482005@qq.com,收件人['1404482005@qq.com', '1401482005@qq.com']
2020/09/13 18:05:59 - [line:27]-common.log -INFO - 创建测试套件
2020/09/13 18:05:59 - [line:27]-common.log -INFO - 创建测试套件
2020/09/13 18:05:59 - [line:31]-common.log -INFO - 生成测试报告
2020/09/13 18:05:59 - [line:31]-common.log -INFO - 生成测试报告
2020/09/13 18:05:59 - [line:31]-common.log -INFO - 生成测试报告
2020/09/13 18:05:59 - [line:31]-common.log -INFO - 生成测试报告
2020/09/13 18:05:59 - [line:31]-common.log -INFO - 生成测试报告
2020/09/13 18:05:59 - [line:44]-common.log -INFO - Dont need to send Email
2020/09/13 18:05:59 - [line:44]-common.log -INFO - Dont need to send Email
2020/09/13 18:05:59 - [line:44]-common.log -INFO - Dont need to send Email
2020/09/13 18:05:59 - [line:44]-common.log -INFO - Dont need to send Email
2020/09/13 18:05:59 - [line:44]-common.log -INFO - Dont need to send Email
2020/09/13 18:17:04 - [line:79]-common.log -INFO - ----邮件发送成功----
2020/09/13 18:17:04 - [line:80]-common.log -INFO - 发件人1404482005@qq.com,收件人['1404482005@qq.com', '1401482005@qq.com']
2020/09/13 18:21:07 - [line:79]-common.log -INFO - ----邮件发送成功----
2020/09/13 18:21:07 - [line:80]-common.log -INFO - 发件人1404482005@qq.com,收件人['1404482005@qq.com', '1401482005@qq.com']
