2020/05/16 12:18:52 - [line:21]-common.log -INFO - the token is:None
2020/05/16 12:18:52 - [line:21]-common.log -INFO - the token is:None
2020/05/16 12:18:52 - [line:21]-common.log -INFO - the token is:None
2020/05/16 12:18:52 - [line:21]-common.log -INFO - the token is:None
2020/05/16 13:38:00 - [line:21]-common.log -INFO - the token is:None
2020/05/16 13:38:00 - [line:21]-common.log -INFO - the token is:None
2020/05/16 13:38:00 - [line:21]-common.log -INFO - the token is:None
2020/05/16 13:38:00 - [line:21]-common.log -INFO - the token is:None
2020/05/16 15:40:50 - [line:21]-common.log -INFO - the token is:None
2020/05/16 15:40:50 - [line:21]-common.log -INFO - the token is:None
2020/05/16 15:40:50 - [line:21]-common.log -INFO - the token is:None
2020/05/16 15:40:50 - [line:21]-common.log -INFO - the token is:None
2020/05/16 15:40:50 - [line:21]-common.log -INFO - the token is:None
2020/05/16 15:40:50 - [line:21]-common.log -INFO - the token is:None
2020/05/16 15:42:46 - [line:21]-common.log -INFO - the token is:None
2020/05/16 15:42:46 - [line:21]-common.log -INFO - the token is:None
2020/05/16 15:42:46 - [line:21]-common.log -INFO - the token is:None
2020/05/16 15:42:46 - [line:21]-common.log -INFO - the token is:None
2020/05/16 20:29:45 - [line:21]-common.log -INFO - the token is:None
2020/05/16 20:29:45 - [line:21]-common.log -INFO - the token is:None
2020/05/16 20:29:45 - [line:21]-common.log -INFO - the token is:None
2020/05/16 20:29:45 - [line:21]-common.log -INFO - the token is:None
2020/05/16 20:29:45 - [line:21]-common.log -INFO - the token is:None
2020/05/16 20:33:06 - [line:21]-common.log -INFO - the token is:None
2020/05/16 20:33:06 - [line:21]-common.log -INFO - the token is:None
2020/05/16 20:33:06 - [line:21]-common.log -INFO - the token is:None
2020/05/16 20:33:06 - [line:21]-common.log -INFO - the token is:None
2020/05/16 20:33:30 - [line:21]-common.log -INFO - the token is:None
2020/05/16 20:33:30 - [line:21]-common.log -INFO - the token is:None
2020/05/16 20:33:30 - [line:21]-common.log -INFO - the token is:None
2020/05/16 20:33:30 - [line:21]-common.log -INFO - the token is:None
2020/05/16 20:33:30 - [line:21]-common.log -INFO - the token is:None
2020/05/16 20:49:03 - [line:26]-common.log -INFO - 创建测试套件
2020/05/16 20:49:03 - [line:26]-common.log -INFO - 创建测试套件
2020/05/16 20:49:03 - [line:30]-common.log -INFO - 生成测试报告
2020/05/16 20:49:03 - [line:30]-common.log -INFO - 生成测试报告
2020/05/16 20:49:03 - [line:30]-common.log -INFO - 生成测试报告
2020/05/16 20:49:03 - [line:30]-common.log -INFO - 生成测试报告
2020/05/16 20:49:03 - [line:30]-common.log -INFO - 生成测试报告
2020/05/16 20:49:03 - [line:21]-common.log -INFO - the token is:None
2020/05/16 20:49:03 - [line:21]-common.log -INFO - the token is:None
2020/05/16 20:49:03 - [line:21]-common.log -INFO - the token is:None
2020/05/16 20:49:03 - [line:21]-common.log -INFO - the token is:None
2020/05/16 20:49:03 - [line:21]-common.log -INFO - the token is:None
2020/05/16 20:49:03 - [line:21]-common.log -INFO - the token is:None
2020/05/16 21:07:48 - [line:26]-common.log -INFO - 创建测试套件
2020/05/16 21:07:48 - [line:26]-common.log -INFO - 创建测试套件
2020/05/16 21:07:48 - [line:30]-common.log -INFO - 生成测试报告
2020/05/16 21:07:48 - [line:30]-common.log -INFO - 生成测试报告
2020/05/16 21:07:48 - [line:30]-common.log -INFO - 生成测试报告
2020/05/16 21:07:48 - [line:30]-common.log -INFO - 生成测试报告
2020/05/16 21:07:48 - [line:30]-common.log -INFO - 生成测试报告
2020/05/16 21:07:48 - [line:21]-common.log -INFO - the token is:None
2020/05/16 21:07:48 - [line:21]-common.log -INFO - the token is:None
2020/05/16 21:07:48 - [line:21]-common.log -INFO - the token is:None
2020/05/16 21:07:48 - [line:21]-common.log -INFO - the token is:None
2020/05/16 21:07:48 - [line:21]-common.log -INFO - the token is:None
2020/05/16 21:07:48 - [line:21]-common.log -INFO - the token is:None
2020/05/16 21:15:04 - [line:26]-common.log -INFO - 创建测试套件
2020/05/16 21:15:04 - [line:26]-common.log -INFO - 创建测试套件
2020/05/16 21:15:04 - [line:30]-common.log -INFO - 生成测试报告
2020/05/16 21:15:04 - [line:30]-common.log -INFO - 生成测试报告
2020/05/16 21:15:04 - [line:30]-common.log -INFO - 生成测试报告
2020/05/16 21:15:04 - [line:30]-common.log -INFO - 生成测试报告
2020/05/16 21:15:04 - [line:30]-common.log -INFO - 生成测试报告
2020/05/16 21:15:04 - [line:21]-common.log -INFO - the token is:None
2020/05/16 21:15:04 - [line:21]-common.log -INFO - the token is:None
2020/05/16 21:15:04 - [line:21]-common.log -INFO - the token is:None
2020/05/16 21:15:04 - [line:21]-common.log -INFO - the token is:None
2020/05/16 21:15:04 - [line:21]-common.log -INFO - the token is:None
2020/05/16 21:15:04 - [line:21]-common.log -INFO - the token is:None
2020/05/16 21:15:05 - [line:78]-common.log -INFO - ----邮件发送成功----
2020/05/16 21:15:05 - [line:78]-common.log -INFO - ----邮件发送成功----
2020/05/16 21:15:05 - [line:78]-common.log -INFO - ----邮件发送成功----
2020/05/16 21:15:05 - [line:78]-common.log -INFO - ----邮件发送成功----
2020/05/16 21:15:05 - [line:78]-common.log -INFO - ----邮件发送成功----
2020/05/16 21:15:05 - [line:78]-common.log -INFO - ----邮件发送成功----
2020/05/16 21:15:05 - [line:79]-common.log -INFO - 发件人1404482005@qq.com,收件人['1404482005@qq.com', '1404482005@qq.com']
2020/05/16 21:15:05 - [line:79]-common.log -INFO - 发件人1404482005@qq.com,收件人['1404482005@qq.com', '1404482005@qq.com']
2020/05/16 21:15:05 - [line:79]-common.log -INFO - 发件人1404482005@qq.com,收件人['1404482005@qq.com', '1404482005@qq.com']
2020/05/16 21:15:05 - [line:79]-common.log -INFO - 发件人1404482005@qq.com,收件人['1404482005@qq.com', '1404482005@qq.com']
2020/05/16 21:15:05 - [line:79]-common.log -INFO - 发件人1404482005@qq.com,收件人['1404482005@qq.com', '1404482005@qq.com']
2020/05/16 21:15:05 - [line:79]-common.log -INFO - 发件人1404482005@qq.com,收件人['1404482005@qq.com', '1404482005@qq.com']
2020/05/16 21:22:21 - [line:26]-common.log -INFO - 创建测试套件
2020/05/16 21:22:21 - [line:26]-common.log -INFO - 创建测试套件
2020/05/16 21:22:21 - [line:30]-common.log -INFO - 生成测试报告
2020/05/16 21:22:21 - [line:30]-common.log -INFO - 生成测试报告
2020/05/16 21:22:21 - [line:30]-common.log -INFO - 生成测试报告
2020/05/16 21:22:21 - [line:30]-common.log -INFO - 生成测试报告
2020/05/16 21:22:21 - [line:30]-common.log -INFO - 生成测试报告
2020/05/16 21:22:21 - [line:21]-common.log -INFO - the token is:None
2020/05/16 21:22:21 - [line:21]-common.log -INFO - the token is:None
2020/05/16 21:22:21 - [line:21]-common.log -INFO - the token is:None
2020/05/16 21:22:21 - [line:21]-common.log -INFO - the token is:None
2020/05/16 21:22:21 - [line:21]-common.log -INFO - the token is:None
2020/05/16 21:22:21 - [line:21]-common.log -INFO - the token is:None
2020/05/16 21:22:23 - [line:78]-common.log -INFO - ----邮件发送成功----
2020/05/16 21:22:23 - [line:78]-common.log -INFO - ----邮件发送成功----
2020/05/16 21:22:23 - [line:78]-common.log -INFO - ----邮件发送成功----
2020/05/16 21:22:23 - [line:78]-common.log -INFO - ----邮件发送成功----
2020/05/16 21:22:23 - [line:78]-common.log -INFO - ----邮件发送成功----
2020/05/16 21:22:23 - [line:78]-common.log -INFO - ----邮件发送成功----
2020/05/16 21:22:23 - [line:79]-common.log -INFO - 发件人1404482005@qq.com,收件人['1404482005@qq.com', '1404482005@qq.com']
2020/05/16 21:22:23 - [line:79]-common.log -INFO - 发件人1404482005@qq.com,收件人['1404482005@qq.com', '1404482005@qq.com']
2020/05/16 21:22:23 - [line:79]-common.log -INFO - 发件人1404482005@qq.com,收件人['1404482005@qq.com', '1404482005@qq.com']
2020/05/16 21:22:23 - [line:79]-common.log -INFO - 发件人1404482005@qq.com,收件人['1404482005@qq.com', '1404482005@qq.com']
2020/05/16 21:22:23 - [line:79]-common.log -INFO - 发件人1404482005@qq.com,收件人['1404482005@qq.com', '1404482005@qq.com']
2020/05/16 21:22:23 - [line:79]-common.log -INFO - 发件人1404482005@qq.com,收件人['1404482005@qq.com', '1404482005@qq.com']
2020/05/16 21:24:45 - [line:27]-common.log -INFO - 创建测试套件
2020/05/16 21:24:45 - [line:27]-common.log -INFO - 创建测试套件
2020/05/16 21:24:45 - [line:31]-common.log -INFO - 生成测试报告
2020/05/16 21:24:45 - [line:31]-common.log -INFO - 生成测试报告
2020/05/16 21:24:45 - [line:31]-common.log -INFO - 生成测试报告
2020/05/16 21:24:45 - [line:31]-common.log -INFO - 生成测试报告
2020/05/16 21:24:45 - [line:31]-common.log -INFO - 生成测试报告
2020/05/16 21:24:46 - [line:21]-common.log -INFO - the token is:None
2020/05/16 21:24:46 - [line:21]-common.log -INFO - the token is:None
2020/05/16 21:24:46 - [line:21]-common.log -INFO - the token is:None
2020/05/16 21:24:46 - [line:21]-common.log -INFO - the token is:None
2020/05/16 21:24:46 - [line:21]-common.log -INFO - the token is:None
2020/05/16 21:24:46 - [line:21]-common.log -INFO - the token is:None
2020/05/16 21:24:46 - [line:44]-common.log -INFO - Dont need to send Email
2020/05/16 21:24:46 - [line:44]-common.log -INFO - Dont need to send Email
2020/05/16 21:24:46 - [line:44]-common.log -INFO - Dont need to send Email
2020/05/16 21:24:46 - [line:44]-common.log -INFO - Dont need to send Email
2020/05/16 21:24:46 - [line:44]-common.log -INFO - Dont need to send Email
2020/05/16 21:24:46 - [line:44]-common.log -INFO - Dont need to send Email
2020/05/16 21:37:24 - [line:26]-common.log -INFO - 创建测试套件
2020/05/16 21:37:24 - [line:26]-common.log -INFO - 创建测试套件
2020/05/16 21:39:55 - [line:28]-common.log -INFO - 生成测试报告
2020/05/16 21:39:55 - [line:28]-common.log -INFO - 生成测试报告
2020/05/16 21:39:55 - [line:28]-common.log -INFO - 生成测试报告
2020/05/16 21:39:55 - [line:28]-common.log -INFO - 生成测试报告
2020/05/16 21:39:55 - [line:28]-common.log -INFO - 生成测试报告
2020/05/16 21:39:55 - [line:28]-common.log -INFO - Dont need to send Email
2020/05/16 21:39:55 - [line:28]-common.log -INFO - Dont need to send Email
2020/05/16 21:39:55 - [line:28]-common.log -INFO - Dont need to send Email
2020/05/16 21:39:55 - [line:28]-common.log -INFO - Dont need to send Email
2020/05/16 21:39:55 - [line:28]-common.log -INFO - Dont need to send Email
2020/05/16 21:39:55 - [line:26]-common.log -INFO - 创建测试套件
2020/05/16 21:39:55 - [line:26]-common.log -INFO - 创建测试套件
2020/05/16 21:39:55 - [line:30]-common.log -INFO - 生成测试报告
2020/05/16 21:39:55 - [line:30]-common.log -INFO - 生成测试报告
2020/05/16 21:39:55 - [line:30]-common.log -INFO - 生成测试报告
2020/05/16 21:39:55 - [line:30]-common.log -INFO - 生成测试报告
2020/05/16 21:39:55 - [line:30]-common.log -INFO - 生成测试报告
2020/05/16 21:39:56 - [line:21]-common.log -INFO - the token is:None
2020/05/16 21:39:56 - [line:21]-common.log -INFO - the token is:None
2020/05/16 21:39:56 - [line:21]-common.log -INFO - the token is:None
2020/05/16 21:39:56 - [line:21]-common.log -INFO - the token is:None
2020/05/16 21:39:56 - [line:21]-common.log -INFO - the token is:None
2020/05/16 21:39:56 - [line:21]-common.log -INFO - the token is:None
2020/05/16 21:39:56 - [line:43]-common.log -INFO - Dont need to send Email
2020/05/16 21:39:56 - [line:43]-common.log -INFO - Dont need to send Email
2020/05/16 21:39:56 - [line:43]-common.log -INFO - Dont need to send Email
2020/05/16 21:39:56 - [line:43]-common.log -INFO - Dont need to send Email
2020/05/16 21:39:56 - [line:43]-common.log -INFO - Dont need to send Email
2020/05/16 21:39:56 - [line:43]-common.log -INFO - Dont need to send Email
2020/05/16 21:42:28 - [line:28]-common.log -INFO - 创建测试套件
2020/05/16 21:42:28 - [line:28]-common.log -INFO - 创建测试套件
2020/05/16 21:42:29 - [line:32]-common.log -INFO - 生成测试报告
2020/05/16 21:42:29 - [line:32]-common.log -INFO - 生成测试报告
2020/05/16 21:42:29 - [line:32]-common.log -INFO - 生成测试报告
2020/05/16 21:42:29 - [line:32]-common.log -INFO - 生成测试报告
2020/05/16 21:42:29 - [line:32]-common.log -INFO - 生成测试报告
2020/05/16 21:42:29 - [line:21]-common.log -INFO - the token is:None
2020/05/16 21:42:29 - [line:21]-common.log -INFO - the token is:None
2020/05/16 21:42:29 - [line:21]-common.log -INFO - the token is:None
2020/05/16 21:42:29 - [line:21]-common.log -INFO - the token is:None
2020/05/16 21:42:29 - [line:21]-common.log -INFO - the token is:None
2020/05/16 21:42:29 - [line:21]-common.log -INFO - the token is:None
2020/05/16 21:42:29 - [line:45]-common.log -INFO - Dont need to send Email
2020/05/16 21:42:29 - [line:45]-common.log -INFO - Dont need to send Email
2020/05/16 21:42:29 - [line:45]-common.log -INFO - Dont need to send Email
2020/05/16 21:42:29 - [line:45]-common.log -INFO - Dont need to send Email
2020/05/16 21:42:29 - [line:45]-common.log -INFO - Dont need to send Email
2020/05/16 21:42:29 - [line:45]-common.log -INFO - Dont need to send Email
2020/05/16 21:42:50 - [line:27]-common.log -INFO - 创建测试套件
2020/05/16 21:42:50 - [line:27]-common.log -INFO - 创建测试套件
2020/05/16 21:42:50 - [line:31]-common.log -INFO - 生成测试报告
2020/05/16 21:42:50 - [line:31]-common.log -INFO - 生成测试报告
2020/05/16 21:42:50 - [line:31]-common.log -INFO - 生成测试报告
2020/05/16 21:42:50 - [line:31]-common.log -INFO - 生成测试报告
2020/05/16 21:42:50 - [line:31]-common.log -INFO - 生成测试报告
2020/05/16 21:42:50 - [line:21]-common.log -INFO - the token is:None
2020/05/16 21:42:50 - [line:21]-common.log -INFO - the token is:None
2020/05/16 21:42:50 - [line:21]-common.log -INFO - the token is:None
2020/05/16 21:42:50 - [line:21]-common.log -INFO - the token is:None
2020/05/16 21:42:50 - [line:21]-common.log -INFO - the token is:None
2020/05/16 21:42:50 - [line:21]-common.log -INFO - the token is:None
2020/05/16 21:42:51 - [line:44]-common.log -INFO - Dont need to send Email
2020/05/16 21:42:51 - [line:44]-common.log -INFO - Dont need to send Email
2020/05/16 21:42:51 - [line:44]-common.log -INFO - Dont need to send Email
2020/05/16 21:42:51 - [line:44]-common.log -INFO - Dont need to send Email
2020/05/16 21:42:51 - [line:44]-common.log -INFO - Dont need to send Email
2020/05/16 21:42:51 - [line:44]-common.log -INFO - Dont need to send Email
2020/05/16 21:43:24 - [line:21]-common.log -INFO - the token is:None
2020/05/16 21:43:24 - [line:21]-common.log -INFO - the token is:None
2020/05/16 21:50:16 - [line:21]-common.log -INFO - the token is:None
2020/05/16 21:50:16 - [line:21]-common.log -INFO - the token is:None
